<?xml version="1.0" encoding="UTF-8"?>
<testng-results ignored="0" total="1" passed="1" failed="0" skipped="0">
  <reporter-output>
    <line>
      <![CDATA[addToCarthas been passed]]>
    </line>
  </reporter-output>
  <suite started-at="2025-11-27T09:32:28 IST" name="Default suite" finished-at="2025-11-27T09:32:54 IST" duration-ms="25807">
    <groups>
    </groups>
    <test started-at="2025-11-27T09:32:28 IST" name="Default test" finished-at="2025-11-27T09:32:54 IST" duration-ms="25807">
      <class name="testscript.CartModule">
        <test-method is-config="true" signature="openBrowser()[pri:0, instance:testscript.CartModule@4e5ed836]" started-at="2025-11-27T09:32:28 IST" name="openBrowser" finished-at="2025-11-27T09:32:32 IST" duration-ms="4494" status="PASS">
          <reporter-output>
          </reporter-output>
        </test-method> <!-- openBrowser -->
        <test-method is-config="true" signature="login()[pri:0, instance:testscript.CartModule@4e5ed836]" started-at="2025-11-27T09:32:32 IST" name="login" finished-at="2025-11-27T09:32:33 IST" duration-ms="718" status="PASS">
          <reporter-output>
          </reporter-output>
        </test-method> <!-- login -->
        <test-method signature="addToCart()[pri:0, instance:testscript.CartModule@4e5ed836]" started-at="2025-11-27T09:32:33 IST" name="addToCart" finished-at="2025-11-27T09:32:53 IST" duration-ms="19470" status="PASS">
          <reporter-output>
            <line>
              <![CDATA[addToCarthas been passed]]>
            </line>
          </reporter-output>
        </test-method> <!-- addToCart -->
        <test-method is-config="true" signature="logout()[pri:0, instance:testscript.CartModule@4e5ed836]" started-at="2025-11-27T09:32:53 IST" name="logout" finished-at="2025-11-27T09:32:53 IST" duration-ms="833" status="PASS">
          <reporter-output>
          </reporter-output>
        </test-method> <!-- logout -->
        <test-method is-config="true" signature="closeBrowser()[pri:0, instance:testscript.CartModule@4e5ed836]" started-at="2025-11-27T09:32:53 IST" name="closeBrowser" finished-at="2025-11-27T09:32:54 IST" duration-ms="229" status="PASS">
          <reporter-output>
          </reporter-output>
        </test-method> <!-- closeBrowser -->
      </class> <!-- testscript.CartModule -->
    </test> <!-- Default test -->
  </suite> <!-- Default suite -->
</testng-results>
