<?xml version="1.0" encoding="UTF-8"?>
<!-- Generated by org.testng.reporters.JUnitReportReporter -->
<testsuite hostname="DESKTOP-7HJ645U" failures="0" tests="1" name="testscript.CartModule" time="21.021" errors="0" timestamp="2025-11-27T09:32:54 IST" skipped="0">
  <testcase classname="testscript.CartModule" name="addToCart" time="21.021">
    <system-out>
      <![CDATA[addToCarthas been passed]]>
    </system-out>
  </testcase> <!-- addToCart -->
  <system-out>
    <![CDATA[addToCarthas been passed]]>
  </system-out>
</testsuite> <!-- testscript.CartModule -->
